<?xml version="1.0" ?>
<!DOCTYPE coverage SYSTEM "http://cobertura.sourceforge.net/xml/coverage-04.dtd">
<coverage lines-valid="182"  lines-covered="70"  line-rate="0.3846"  branches-valid="256"  branches-covered="91"  branch-rate="0.3555"  timestamp="1377738822343" complexity="0" version="0.1">
<sources>
	<source>/Users/justin/Sites/balanced-js</source>
</sources>
<packages>
	<package name="build"  line-rate="0.3846"  branch-rate="0.3555" >
	<classes>
		<class name="balanced.js"  filename="build/balanced.js"  line-rate="0.3846"  branch-rate="0.3555" >
		<methods>
			<method name="(anonymous_1)"  hits="1"  signature="()V" >
				<lines><line number="27"  hits="1" /></lines>
			</method>
			<method name="addEvent"  hits="2"  signature="()V" >
				<lines><line number="28"  hits="2" /></lines>
			</method>
			<method name="(anonymous_3)"  hits="0"  signature="()V" >
				<lines><line number="30"  hits="0" /></lines>
			</method>
			<method name="icl"  hits="0"  signature="()V" >
				<lines><line number="34"  hits="0" /></lines>
			</method>
			<method name="(anonymous_5)"  hits="0"  signature="()V" >
				<lines><line number="40"  hits="0" /></lines>
			</method>
			<method name="(anonymous_6)"  hits="39"  signature="()V" >
				<lines><line number="44"  hits="39" /></lines>
			</method>
			<method name="(anonymous_7)"  hits="44"  signature="()V" >
				<lines><line number="52"  hits="44" /></lines>
			</method>
			<method name="(anonymous_8)"  hits="25"  signature="()V" >
				<lines><line number="61"  hits="25" /></lines>
			</method>
			<method name="(anonymous_9)"  hits="31"  signature="()V" >
				<lines><line number="67"  hits="31" /></lines>
			</method>
			<method name="(anonymous_10)"  hits="18"  signature="()V" >
				<lines><line number="74"  hits="18" /></lines>
			</method>
			<method name="(anonymous_11)"  hits="0"  signature="()V" >
				<lines><line number="82"  hits="0" /></lines>
			</method>
			<method name="(anonymous_12)"  hits="13"  signature="()V" >
				<lines><line number="100"  hits="13" /></lines>
			</method>
			<method name="(anonymous_13)"  hits="10"  signature="()V" >
				<lines><line number="105"  hits="10" /></lines>
			</method>
			<method name="(anonymous_14)"  hits="18"  signature="()V" >
				<lines><line number="111"  hits="18" /></lines>
			</method>
			<method name="(anonymous_15)"  hits="0"  signature="()V" >
				<lines><line number="118"  hits="0" /></lines>
			</method>
			<method name="(anonymous_16)"  hits="4"  signature="()V" >
				<lines><line number="125"  hits="4" /></lines>
			</method>
			<method name="(anonymous_17)"  hits="0"  signature="()V" >
				<lines><line number="128"  hits="0" /></lines>
			</method>
			<method name="(anonymous_18)"  hits="1"  signature="()V" >
				<lines><line number="149"  hits="1" /></lines>
			</method>
			<method name="(anonymous_19)"  hits="0"  signature="()V" >
				<lines><line number="157"  hits="0" /></lines>
			</method>
			<method name="(anonymous_20)"  hits="0"  signature="()V" >
				<lines><line number="163"  hits="0" /></lines>
			</method>
			<method name="(anonymous_21)"  hits="1"  signature="()V" >
				<lines><line number="174"  hits="1" /></lines>
			</method>
			<method name="(anonymous_22)"  hits="1"  signature="()V" >
				<lines><line number="188"  hits="1" /></lines>
			</method>
			<method name="(anonymous_23)"  hits="1"  signature="()V" >
				<lines><line number="193"  hits="1" /></lines>
			</method>
			<method name="processMessage"  hits="0"  signature="()V" >
				<lines><line number="194"  hits="0" /></lines>
			</method>
			<method name="(anonymous_25)"  hits="0"  signature="()V" >
				<lines><line number="197"  hits="0" /></lines>
			</method>
			<method name="(anonymous_26)"  hits="0"  signature="()V" >
				<lines><line number="214"  hits="0" /></lines>
			</method>
			<method name="(anonymous_27)"  hits="0"  signature="()V" >
				<lines><line number="221"  hits="0" /></lines>
			</method>
			<method name="(anonymous_28)"  hits="0"  signature="()V" >
				<lines><line number="226"  hits="0" /></lines>
			</method>
			<method name="(anonymous_29)"  hits="0"  signature="()V" >
				<lines><line number="229"  hits="0" /></lines>
			</method>
			<method name="(anonymous_30)"  hits="0"  signature="()V" >
				<lines><line number="241"  hits="0" /></lines>
			</method>
			<method name="(anonymous_31)"  hits="0"  signature="()V" >
				<lines><line number="243"  hits="0" /></lines>
			</method>
			<method name="(anonymous_32)"  hits="1"  signature="()V" >
				<lines><line number="246"  hits="1" /></lines>
			</method>
			<method name="(anonymous_33)"  hits="1"  signature="()V" >
				<lines><line number="248"  hits="1" /></lines>
			</method>
			<method name="(anonymous_34)"  hits="0"  signature="()V" >
				<lines><line number="253"  hits="0" /></lines>
			</method>
			<method name="(anonymous_35)"  hits="0"  signature="()V" >
				<lines><line number="258"  hits="0" /></lines>
			</method>
			<method name="(anonymous_36)"  hits="1"  signature="()V" >
				<lines><line number="260"  hits="1" /></lines>
			</method>
			<method name="f"  hits="0"  signature="()V" >
				<lines><line number="262"  hits="0" /></lines>
			</method>
			<method name="quote"  hits="0"  signature="()V" >
				<lines><line number="265"  hits="0" /></lines>
			</method>
			<method name="(anonymous_39)"  hits="0"  signature="()V" >
				<lines><line number="266"  hits="0" /></lines>
			</method>
			<method name="str"  hits="0"  signature="()V" >
				<lines><line number="271"  hits="0" /></lines>
			</method>
			<method name="(anonymous_41)"  hits="0"  signature="()V" >
				<lines><line number="299"  hits="0" /></lines>
			</method>
			<method name="(anonymous_42)"  hits="0"  signature="()V" >
				<lines><line number="301"  hits="0" /></lines>
			</method>
			<method name="(anonymous_43)"  hits="0"  signature="()V" >
				<lines><line number="313"  hits="0" /></lines>
			</method>
			<method name="(anonymous_44)"  hits="0"  signature="()V" >
				<lines><line number="320"  hits="0" /></lines>
			</method>
			<method name="walk"  hits="0"  signature="()V" >
				<lines><line number="321"  hits="0" /></lines>
			</method>
			<method name="(anonymous_46)"  hits="0"  signature="()V" >
				<lines><line number="328"  hits="0" /></lines>
			</method>
			<method name="(anonymous_47)"  hits="1"  signature="()V" >
				<lines><line number="337"  hits="1" /></lines>
			</method>
			<method name="(anonymous_48)"  hits="0"  signature="()V" >
				<lines><line number="339"  hits="0" /></lines>
			</method>
			<method name="(anonymous_49)"  hits="0"  signature="()V" >
				<lines><line number="352"  hits="0" /></lines>
			</method>
			<method name="(anonymous_50)"  hits="1"  signature="()V" >
				<lines><line number="361"  hits="1" /></lines>
			</method>
			<method name="(anonymous_51)"  hits="0"  signature="()V" >
				<lines><line number="363"  hits="0" /></lines>
			</method>
			<method name="(anonymous_52)"  hits="0"  signature="()V" >
				<lines><line number="370"  hits="0" /></lines>
			</method>
			<method name="(anonymous_53)"  hits="0"  signature="()V" >
				<lines><line number="377"  hits="0" /></lines>
			</method>
			<method name="(anonymous_54)"  hits="1"  signature="()V" >
				<lines><line number="386"  hits="1" /></lines>
			</method>
		</methods>
		<lines>
			<line number="27"  hits="1"  branch="false" />
			<line number="28"  hits="1"  branch="false" />
			<line number="29"  hits="2"  branch="true"  condition-coverage="25% (1/4)" />
			<line number="31"  hits="0"  branch="false" />
			<line number="34"  hits="1"  branch="false" />
			<line number="35"  hits="0"  branch="true"  condition-coverage="0% (0/2)" />
			<line number="36"  hits="0"  branch="false" />
			<line number="37"  hits="0"  branch="true"  condition-coverage="0% (0/4)" />
			<line number="40"  hits="1"  branch="true"  condition-coverage="50% (1/2)" />
			<line number="41"  hits="0"  branch="false" />
			<line number="43"  hits="1"  branch="false" />
			<line number="45"  hits="39"  branch="true"  condition-coverage="100% (2/2)" />
			<line number="46"  hits="31"  branch="true"  condition-coverage="100% (4/4)" />
			<line number="47"  hits="26"  branch="false" />
			<line number="48"  hits="410"  branch="false" />
			<line number="50"  hits="26"  branch="false" />
			<line number="53"  hits="44"  branch="false" />
			<line number="54"  hits="44"  branch="true"  condition-coverage="100% (2/2)" />
			<line number="56"  hits="36"  branch="false" />
			<line number="57"  hits="274"  branch="true"  condition-coverage="100% (2/2)" />
			<line number="59"  hits="12"  branch="false" />
			<line number="62"  hits="25"  branch="false" />
			<line number="63"  hits="25"  branch="true"  condition-coverage="100% (2/2)" />
			<line number="64"  hits="18"  branch="true"  condition-coverage="100% (2/2)" />
			<line number="65"  hits="18"  branch="true"  condition-coverage="100% (5/5)" />
			<line number="68"  hits="31"  branch="true"  condition-coverage="100% (4/4)" />
			<line number="69"  hits="22"  branch="true"  condition-coverage="100% (2/2)" />
			<line number="70"  hits="5"  branch="true"  condition-coverage="100% (4/4)" />
			<line number="71"  hits="17"  branch="false" />
			<line number="72"  hits="17"  branch="true"  condition-coverage="66.66666666666666% (2/3)" />
			<line number="75"  hits="18"  branch="true"  condition-coverage="100% (2/2)" />
			<line number="76"  hits="18"  branch="false" />
			<line number="77"  hits="18"  branch="true"  condition-coverage="100% (2/2)" />
			<line number="83"  hits="0"  branch="true"  condition-coverage="0% (0/2)" />
			<line number="84"  hits="0"  branch="true"  condition-coverage="0% (0/2)" />
			<line number="86"  hits="0"  branch="false" />
			<line number="87"  hits="0"  branch="false" />
			<line number="88"  hits="0"  branch="false" />
			<line number="89"  hits="0"  branch="false" />
			<line number="91"  hits="0"  branch="true"  condition-coverage="0% (0/2)" />
			<line number="95"  hits="0"  branch="false" />
			<line number="96"  hits="0"  branch="false" />
			<line number="101"  hits="13"  branch="true"  condition-coverage="100% (4/4)" />
			<line number="106"  hits="10"  branch="true"  condition-coverage="100% (2/2)" />
			<line number="107"  hits="10"  branch="true"  condition-coverage="100% (2/2)" />
			<line number="112"  hits="18"  branch="true"  condition-coverage="100% (2/2)" />
			<line number="113"  hits="14"  branch="true"  condition-coverage="100% (2/2)" />
			<line number="114"  hits="11"  branch="true"  condition-coverage="100% (4/4)" />
			<line number="115"  hits="63"  branch="false" />
			<line number="116"  hits="7"  branch="false" />
			<line number="119"  hits="0"  branch="true"  condition-coverage="0% (0/2)" />
			<line number="121"  hits="0"  branch="true"  condition-coverage="0% (0/2)" />
			<line number="122"  hits="0"  branch="false" />
			<line number="123"  hits="0"  branch="false" />
			<line number="126"  hits="4"  branch="true"  condition-coverage="50% (1/2)" />
			<line number="129"  hits="0"  branch="true"  condition-coverage="0% (0/2)" />
			<line number="130"  hits="0"  branch="true"  condition-coverage="0% (0/2)" />
			<line number="132"  hits="0"  branch="false" />
			<line number="133"  hits="0"  branch="true"  condition-coverage="0% (0/3)" />
			<line number="134"  hits="0"  branch="false" />
			<line number="135"  hits="0"  branch="false" />
			<line number="136"  hits="0"  branch="false" />
			<line number="137"  hits="0"  branch="false" />
			<line number="139"  hits="0"  branch="true"  condition-coverage="0% (0/2)" />
			<line number="143"  hits="0"  branch="false" />
			<line number="144"  hits="0"  branch="false" />
			<line number="148"  hits="1"  branch="false" />
			<line number="150"  hits="1"  branch="true"  condition-coverage="50% (2/4)" />
			<line number="157"  hits="1"  branch="false" />
			<line number="158"  hits="0"  branch="false" />
			<line number="159"  hits="0"  branch="false" />
			<line number="160"  hits="0"  branch="false" />
			<line number="161"  hits="0"  branch="false" />
			<line number="162"  hits="0"  branch="false" />
			<line number="164"  hits="0"  branch="true"  condition-coverage="0% (0/2)" />
			<line number="165"  hits="0"  branch="true"  condition-coverage="0% (0/2)" />
			<line number="166"  hits="0"  branch="false" />
			<line number="175"  hits="1"  branch="false" />
			<line number="176"  hits="1"  branch="false" />
			<line number="187"  hits="9"  branch="false" />
			<line number="188"  hits="1"  branch="false" />
			<line number="189"  hits="1"  branch="false" />
			<line number="191"  hits="1"  branch="true"  condition-coverage="50% (1/2)" />
			<line number="194"  hits="1"  branch="false" />
			<line number="195"  hits="0"  branch="false" />
			<line number="196"  hits="0"  branch="false" />
			<line number="198"  hits="0"  branch="false" />
			<line number="206"  hits="1"  branch="false" />
			<line number="207"  hits="1"  branch="true"  condition-coverage="75% (3/4)" />
			<line number="208"  hits="0"  branch="false" />
			<line number="209"  hits="0"  branch="false" />
			<line number="210"  hits="0"  branch="false" />
			<line number="212"  hits="0"  branch="false" />
			<line number="215"  hits="0"  branch="false" />
			<line number="216"  hits="0"  branch="false" />
			<line number="217"  hits="0"  branch="false" />
			<line number="219"  hits="0"  branch="false" />
			<line number="222"  hits="0"  branch="false" />
			<line number="223"  hits="0"  branch="false" />
			<line number="224"  hits="0"  branch="true"  condition-coverage="0% (0/4)" />
			<line number="227"  hits="0"  branch="true"  condition-coverage="0% (0/2)" />
			<line number="228"  hits="0"  branch="false" />
			<line number="230"  hits="0"  branch="true"  condition-coverage="0% (0/2)" />
			<line number="241"  hits="1"  branch="false" />
			<line number="242"  hits="0"  branch="true"  condition-coverage="0% (0/2)" />
			<line number="244"  hits="0"  branch="false" />
			<line number="246"  hits="1"  branch="false" />
			<line number="247"  hits="1"  branch="true"  condition-coverage="50% (1/2)" />
			<line number="248"  hits="1"  branch="false" />
			<line number="249"  hits="1"  branch="true"  condition-coverage="100% (2/2)" />
			<line number="252"  hits="1"  branch="true"  condition-coverage="42.857142857142854% (6/14)" />
			<line number="254"  hits="0"  branch="false" />
			<line number="255"  hits="0"  branch="false" />
			<line number="256"  hits="0"  branch="false" />
			<line number="258"  hits="1"  branch="true"  condition-coverage="50% (1/2)" />
			<line number="259"  hits="0"  branch="false" />
			<line number="262"  hits="1"  branch="false" />
			<line number="263"  hits="0"  branch="true"  condition-coverage="0% (0/2)" />
			<line number="265"  hits="1"  branch="false" />
			<line number="266"  hits="0"  branch="true"  condition-coverage="0% (0/2)" />
			<line number="267"  hits="0"  branch="false" />
			<line number="268"  hits="0"  branch="true"  condition-coverage="0% (0/2)" />
			<line number="271"  hits="1"  branch="false" />
			<line number="272"  hits="0"  branch="false" />
			<line number="273"  hits="0"  branch="true"  condition-coverage="0% (0/9)" />
			<line number="276"  hits="0"  branch="false" />
			<line number="279"  hits="0"  branch="true"  condition-coverage="0% (0/2)" />
			<line number="283"  hits="0"  branch="false" />
			<line number="286"  hits="0"  branch="true"  condition-coverage="0% (0/2)" />
			<line number="287"  hits="0"  branch="true"  condition-coverage="0% (0/2)" />
			<line number="288"  hits="0"  branch="true"  condition-coverage="0% (0/2)" />
			<line number="289"  hits="0"  branch="true"  condition-coverage="0% (0/4)" />
			<line number="292"  hits="0"  branch="true"  condition-coverage="0% (0/6)" />
			<line number="293"  hits="0"  branch="true"  condition-coverage="0% (0/6)" />
			<line number="295"  hits="0"  branch="true"  condition-coverage="0% (0/4)" />
			<line number="299"  hits="1"  branch="true"  condition-coverage="50% (1/2)" />
			<line number="300"  hits="0"  branch="true"  condition-coverage="0% (0/2)" />
			<line number="302"  hits="0"  branch="false" />
			<line number="304"  hits="1"  branch="false" />
			<line number="313"  hits="1"  branch="true"  condition-coverage="50% (1/2)" />
			<line number="314"  hits="0"  branch="false" />
			<line number="315"  hits="0"  branch="true"  condition-coverage="0% (0/4)" />
			<line number="316"  hits="0"  branch="true"  condition-coverage="0% (0/6)" />
			<line number="317"  hits="0"  branch="false" />
			<line number="321"  hits="1"  branch="false" />
			<line number="322"  hits="0"  branch="false" />
			<line number="323"  hits="0"  branch="true"  condition-coverage="0% (0/6)" />
			<line number="325"  hits="0"  branch="false" />
			<line number="327"  hits="0"  branch="false" />
			<line number="328"  hits="0"  branch="true"  condition-coverage="0% (0/4)" />
			<line number="329"  hits="0"  branch="false" />
			<line number="330"  hits="0"  branch="false" />
			<line number="334"  hits="0"  branch="false" />
			<line number="337"  hits="1"  branch="false" />
			<line number="339"  hits="1"  branch="false" />
			<line number="340"  hits="0"  branch="false" />
			<line number="341"  hits="0"  branch="false" />
			<line number="342"  hits="0"  branch="false" />
			<line number="344"  hits="0"  branch="true"  condition-coverage="0% (0/2)" />
			<line number="345"  hits="0"  branch="true"  condition-coverage="0% (0/2)" />
			<line number="346"  hits="0"  branch="false" />
			<line number="348"  hits="0"  branch="false" />
			<line number="351"  hits="0"  branch="false" />
			<line number="353"  hits="0"  branch="false" />
			<line number="354"  hits="0"  branch="true"  condition-coverage="0% (0/2)" />
			<line number="355"  hits="0"  branch="true"  condition-coverage="0% (0/2)" />
			<line number="356"  hits="0"  branch="true"  condition-coverage="0% (0/2)" />
			<line number="358"  hits="0"  branch="false" />
			<line number="360"  hits="1"  branch="false" />
			<line number="362"  hits="1"  branch="true"  condition-coverage="50% (2/4)" />
			<line number="363"  hits="1"  branch="false" />
			<line number="364"  hits="0"  branch="true"  condition-coverage="0% (0/2)" />
			<line number="367"  hits="1"  branch="true"  condition-coverage="50% (1/2)" />
			<line number="369"  hits="0"  branch="false" />
			<line number="370"  hits="0"  branch="false" />
			<line number="371"  hits="0"  branch="false" />
			<line number="372"  hits="0"  branch="true"  condition-coverage="0% (0/3)" />
			<line number="378"  hits="0"  branch="true"  condition-coverage="0% (0/4)" />
			<line number="380"  hits="0"  branch="false" />
			<line number="381"  hits="0"  branch="false" />
			<line number="382"  hits="0"  branch="false" />
			<line number="387"  hits="1"  branch="false" />
		</lines>
		</class>
	</classes>
	</package>
</packages>
</coverage>
